<?xml version="1.0" encoding="UTF-8"?>
<!-- Generated by org.testng.reporters.JUnitReportReporter -->
<testsuite hostname="TufSree" failures="0" tests="1" name="testscript.LoginTest" time="4.865" errors="0" timestamp="2024-11-27T15:18:21 IST" skipped="0">
  <testcase classname="testscript.LoginTest" name="varifyValidUserInvalidPassword" time="4.865"/>
</testsuite> <!-- testscript.LoginTest -->
